"2025-09-13 15:22:58,908 INFO  [main] com.cinetime.CineTimeProjectApplication:Starting CineTimeProjectApplication using Java 24.0.2 with PID 17440 (C:\Users\Esra\Desktop\github-cine-time\cine-time\target\classes started by Esra in C:\Users\Esra\Desktop\github-cine-time\cine-time)
""2025-09-13 15:22:58,912 DEBUG [main] com.cinetime.CineTimeProjectApplication:Running with Spring Boot v3.5.5, Spring v6.2.10
""2025-09-13 15:22:58,914 INFO  [main] com.cinetime.CineTimeProjectApplication:No active profile set, falling back to 1 default profile: "default"
""2025-09-13 15:23:00,392 INFO  [main] org.springframework.data.repository.config.RepositoryConfigurationDelegate:Bootstrapping Spring Data JPA repositories in DEFAULT mode.
""2025-09-13 15:23:00,447 INFO  [main] org.springframework.data.repository.config.RepositoryConfigurationDelegate:Finished Spring Data repository scanning in 24 ms. Found 0 JPA repository interfaces.
""2025-09-13 15:23:01,315 INFO  [main] org.springframework.boot.web.embedded.tomcat.TomcatWebServer:Tomcat initialized with port 8090 (http)
""2025-09-13 15:23:01,336 INFO  [main] org.apache.catalina.core.StandardService:Starting service [Tomcat]
""2025-09-13 15:23:01,337 INFO  [main] org.apache.catalina.core.StandardEngine:Starting Servlet engine: [Apache Tomcat/10.1.44]
""2025-09-13 15:23:01,422 INFO  [main] org.apache.catalina.core.ContainerBase.[Tomcat].[localhost].[/]:Initializing Spring embedded WebApplicationContext
""2025-09-13 15:23:01,422 INFO  [main] org.springframework.boot.web.servlet.context.ServletWebServerApplicationContext:Root WebApplicationContext: initialization completed in 2385 ms
""2025-09-13 15:23:01,735 INFO  [main] org.hibernate.jpa.internal.util.LogHelper:HHH000204: Processing PersistenceUnitInfo [name: default]
""2025-09-13 15:23:01,813 INFO  [main] org.hibernate.Version:HHH000412: Hibernate ORM core version 6.6.26.Final
""2025-09-13 15:23:01,873 INFO  [main] org.hibernate.cache.internal.RegionFactoryInitiator:HHH000026: Second-level cache disabled
""2025-09-13 15:23:02,436 INFO  [main] org.springframework.orm.jpa.persistenceunit.SpringPersistenceUnitInfo:No LoadTimeWeaver setup: ignoring JPA class transformer
""2025-09-13 15:23:02,459 WARN  [main] org.hibernate.orm.deprecation:HHH90000021: Encountered deprecated setting [hibernate.temp.use_jdbc_metadata_defaults], use [hibernate.boot.allow_jdbc_metadata_access] instead
""2025-09-13 15:23:02,490 WARN  [main] org.hibernate.orm.deprecation:HHH90000025: PostgreSQLDialect does not need to be specified explicitly using 'hibernate.dialect' (remove the property setting and it will be selected by default)
""2025-09-13 15:23:02,513 INFO  [main] org.hibernate.orm.connections.pooling:HHH10001005: Database info:
	Database JDBC URL [undefined/unknown]
	Database driver: undefined/unknown
	Database version: 12.0
	Autocommit mode: undefined/unknown
	Isolation level: <unknown>
	Minimum pool size: undefined/unknown
	Maximum pool size: undefined/unknown
""2025-09-13 15:23:03,831 INFO  [main] org.hibernate.metamodel.internal.EntityInstantiatorPojoStandard:HHH000182: No default (no-argument) constructor for class: com.cinetime.entity.business.Role (class must be instantiated by Interceptor)
""2025-09-13 15:23:04,227 INFO  [main] org.hibernate.engine.transaction.jta.platform.internal.JtaPlatformInitiator:HHH000489: No JTA platform available (set 'hibernate.transaction.jta.platform' to enable JTA platform integration)
""2025-09-13 15:23:04,261 INFO  [main] com.zaxxer.hikari.HikariDataSource:HikariPool-1 - Starting...
""2025-09-13 15:23:04,560 INFO  [main] com.zaxxer.hikari.pool.HikariPool:HikariPool-1 - Added connection org.postgresql.jdbc.PgConnection@486bcaa
""2025-09-13 15:23:04,562 INFO  [main] com.zaxxer.hikari.HikariDataSource:HikariPool-1 - Start completed.
""2025-09-13 15:23:04,741 WARN  [main] org.hibernate.engine.jdbc.spi.SqlExceptionHelper:SQL Warning Code: 0, SQLState: 00000
""2025-09-13 15:23:04,741 WARN  [main] org.hibernate.engine.jdbc.spi.SqlExceptionHelper:"city" nesnesinin "ukqsstlki7ni5ovaariyy9u8y79" kısıtlaması mevcut değil, atlanıyor
""2025-09-13 15:23:04,747 WARN  [main] org.hibernate.engine.jdbc.spi.SqlExceptionHelper:SQL Warning Code: 0, SQLState: 00000
""2025-09-13 15:23:04,747 WARN  [main] org.hibernate.engine.jdbc.spi.SqlExceptionHelper:"country" nesnesinin "ukllidyp77h6xkeokpbmoy710d4" kısıtlaması mevcut değil, atlanıyor
""2025-09-13 15:23:04,753 WARN  [main] org.hibernate.engine.jdbc.spi.SqlExceptionHelper:SQL Warning Code: 0, SQLState: 00000
""2025-09-13 15:23:04,753 WARN  [main] org.hibernate.engine.jdbc.spi.SqlExceptionHelper:"district" nesnesinin "ukkvkg405mr04cjytv1tuyh7ryr" kısıtlaması mevcut değil, atlanıyor
""2025-09-13 15:23:04,772 WARN  [main] org.hibernate.engine.jdbc.spi.SqlExceptionHelper:SQL Warning Code: 0, SQLState: 00000
""2025-09-13 15:23:04,773 WARN  [main] org.hibernate.engine.jdbc.spi.SqlExceptionHelper:"favorite" nesnesinin "uk_favorite_user_movie" kısıtlaması mevcut değil, atlanıyor
""2025-09-13 15:23:04,779 WARN  [main] org.hibernate.engine.jdbc.spi.SqlExceptionHelper:SQL Warning Code: 0, SQLState: 00000
""2025-09-13 15:23:04,779 WARN  [main] org.hibernate.engine.jdbc.spi.SqlExceptionHelper:"favorite" nesnesinin "uk_favorite_user_cinema" kısıtlaması mevcut değil, atlanıyor
""2025-09-13 15:23:04,786 WARN  [main] org.hibernate.engine.jdbc.spi.SqlExceptionHelper:SQL Warning Code: 0, SQLState: 00000
""2025-09-13 15:23:04,786 WARN  [main] org.hibernate.engine.jdbc.spi.SqlExceptionHelper:"halls" nesnesinin "ukdbg3pxhir403gk2vq0nt4omg4" kısıtlaması mevcut değil, atlanıyor
""2025-09-13 15:23:04,802 WARN  [main] org.hibernate.engine.jdbc.spi.SqlExceptionHelper:SQL Warning Code: 0, SQLState: 00000
""2025-09-13 15:23:04,803 WARN  [main] org.hibernate.engine.jdbc.spi.SqlExceptionHelper:"movie" nesnesinin "ukffrgac2w4ohle0n623g2gh9su" kısıtlaması mevcut değil, atlanıyor
""2025-09-13 15:23:04,810 WARN  [main] org.hibernate.engine.jdbc.spi.SqlExceptionHelper:SQL Warning Code: 0, SQLState: 00000
""2025-09-13 15:23:04,810 WARN  [main] org.hibernate.engine.jdbc.spi.SqlExceptionHelper:"roles" nesnesinin "uk716hgxp60ym1lifrdgp67xt5k" kısıtlaması mevcut değil, atlanıyor
""2025-09-13 15:23:04,816 WARN  [main] org.hibernate.engine.jdbc.spi.SqlExceptionHelper:SQL Warning Code: 0, SQLState: 00000
""2025-09-13 15:23:04,817 WARN  [main] org.hibernate.engine.jdbc.spi.SqlExceptionHelper:"showtimes" nesnesinin "uk6ugnkc6ow08u2pkeiyispp0kg" kısıtlaması mevcut değil, atlanıyor
""2025-09-13 15:23:04,825 WARN  [main] org.hibernate.engine.jdbc.spi.SqlExceptionHelper:SQL Warning Code: 0, SQLState: 00000
""2025-09-13 15:23:04,826 WARN  [main] org.hibernate.engine.jdbc.spi.SqlExceptionHelper:"tickets" nesnesinin "uk_tickets_showtime_seat" kısıtlaması mevcut değil, atlanıyor
""2025-09-13 15:23:04,832 WARN  [main] org.hibernate.engine.jdbc.spi.SqlExceptionHelper:SQL Warning Code: 0, SQLState: 00000
""2025-09-13 15:23:04,832 WARN  [main] org.hibernate.engine.jdbc.spi.SqlExceptionHelper:"tickets" nesnesinin "ukm6m4oxsunysar1ae2354y12m1" kısıtlaması mevcut değil, atlanıyor
""2025-09-13 15:23:04,903 INFO  [main] org.springframework.orm.jpa.LocalContainerEntityManagerFactoryBean:Initialized JPA EntityManagerFactory for persistence unit 'default'
""2025-09-13 15:23:05,717 WARN  [main] org.springframework.boot.autoconfigure.security.servlet.UserDetailsServiceAutoConfiguration:

Using generated security password: 6dd170af-bdc1-4aa3-821b-66731588c19e

This generated password is for development use only. Your security configuration must be updated before running your application in production.

""2025-09-13 15:23:05,732 INFO  [main] org.springframework.security.config.annotation.authentication.configuration.InitializeUserDetailsBeanManagerConfigurer$InitializeUserDetailsManagerConfigurer:Global AuthenticationManager configured with UserDetailsService bean with name inMemoryUserDetailsManager
""2025-09-13 15:23:05,870 DEBUG [main] org.springframework.security.web.DefaultSecurityFilterChain:Will secure any request with filters: DisableEncodeUrlFilter, WebAsyncManagerIntegrationFilter, SecurityContextHolderFilter, HeaderWriterFilter, CsrfFilter, LogoutFilter, UsernamePasswordAuthenticationFilter, DefaultResourcesFilter, DefaultLoginPageGeneratingFilter, DefaultLogoutPageGeneratingFilter, BasicAuthenticationFilter, RequestCacheAwareFilter, SecurityContextHolderAwareRequestFilter, AnonymousAuthenticationFilter, ExceptionTranslationFilter, AuthorizationFilter
""2025-09-13 15:23:05,987 INFO  [main] org.springframework.boot.web.embedded.tomcat.TomcatWebServer:Tomcat started on port 8090 (http) with context path '/'
""2025-09-13 15:23:06,003 INFO  [main] com.cinetime.CineTimeProjectApplication:Started CineTimeProjectApplication in 7.947 seconds (process running for 8.732)
""2025-09-13 15:23:51,309 INFO  [SpringApplicationShutdownHook] org.springframework.boot.web.embedded.tomcat.GracefulShutdown:Commencing graceful shutdown. Waiting for active requests to complete
""2025-09-13 15:23:51,320 INFO  [tomcat-shutdown] org.springframework.boot.web.embedded.tomcat.GracefulShutdown:Graceful shutdown complete
""2025-09-13 15:23:51,328 INFO  [SpringApplicationShutdownHook] org.springframework.orm.jpa.LocalContainerEntityManagerFactoryBean:Closing JPA EntityManagerFactory for persistence unit 'default'
""2025-09-13 15:23:51,331 INFO  [SpringApplicationShutdownHook] com.zaxxer.hikari.HikariDataSource:HikariPool-1 - Shutdown initiated...
""2025-09-13 15:23:51,341 INFO  [SpringApplicationShutdownHook] com.zaxxer.hikari.HikariDataSource:HikariPool-1 - Shutdown completed.
"